-------------------------------------------------------------------------------
Test set: com.autolib.inventory.InventoryApplicationTests
-------------------------------------------------------------------------------
Tests run: 1, Failures: 0, Errors: 1, Skipped: 0, Time elapsed: 7.784 s <<< FAILURE! - in com.autolib.inventory.InventoryApplicationTests
contextLoads  Time elapsed: 0.247 s  <<< ERROR!
java.lang.IllegalStateException: Failed to load ApplicationContext
Caused by: org.springframework.beans.factory.BeanCreationException: 
Error creating bean with name 'requestMappingHandlerMapping' defined in class path resource [org/springframework/boot/autoconfigure/web/servlet/WebMvcAutoConfiguration$EnableWebMvcConfiguration.class]: Invocation of init method failed; nested exception is java.lang.IllegalStateException: Ambiguous mapping. Cannot map 'productController' method 
com.autolib.inventory.product.controller.ProductController#getCatagoryByIdProduct(int)
to {POST [/product/get-catagory-by-cid/{cId}]}: There is already 'productController' bean method
com.autolib.inventory.product.controller.ProductController#getCatagoryByCid(int) mapped.
Caused by: java.lang.IllegalStateException: 
Ambiguous mapping. Cannot map 'productController' method 
com.autolib.inventory.product.controller.ProductController#getCatagoryByIdProduct(int)
to {POST [/product/get-catagory-by-cid/{cId}]}: There is already 'productController' bean method
com.autolib.inventory.product.controller.ProductController#getCatagoryByCid(int) mapped.

